[INFO] Scanning for projects...
[INFO] 
[INFO] ------------------------< com.devsoncall:loans >------------------------
[INFO] Building loans 0.0.1-SNAPSHOT
[INFO]   from pom.xml
[INFO] --------------------------------[ jar ]---------------------------------
[INFO] 
[INFO] >>> spring-boot:3.5.0:run (default-cli) > test-compile @ loans >>>
[INFO] 
[INFO] --- resources:3.3.1:resources (default-resources) @ loans ---
[INFO] Copying 1 resource from src/main/resources to target/classes
[INFO] Copying 1 resource from src/main/resources to target/classes
[INFO] 
[INFO] --- compiler:3.14.0:compile (default-compile) @ loans ---
[INFO] Nothing to compile - all classes are up to date.
[INFO] 
[INFO] --- resources:3.3.1:testResources (default-testResources) @ loans ---
[INFO] skip non existing resourceDirectory /home/vivek-18890/Downloads/tempProjs/PII_REPO/PERSONAL/GITHUB_PROJECTS/1_WORKING_LIVE/StreamMyMeal-microservices/StreamMyMeal-microservices/loans-service/src/test/resources
[INFO] 
[INFO] --- compiler:3.14.0:testCompile (default-testCompile) @ loans ---
[INFO] Nothing to compile - all classes are up to date.
[INFO] 
[INFO] <<< spring-boot:3.5.0:run (default-cli) < test-compile @ loans <<<
[INFO] 
[INFO] 
[INFO] --- spring-boot:3.5.0:run (default-cli) @ loans ---
[INFO] Attaching agents: []
  .   ____          _            __ _ _
 /\\ / ___'_ __ _ _(_)_ __  __ _ \ \ \ \
( ( )\___ | '_ | '_| | '_ \/ _` | \ \ \ \
 \\/  ___)| |_)| | | | | || (_| |  ) ) ) )
  '  |____| .__|_| |_|_| |_\__, | / / / /
 =========|_|==============|___/=/_/_/_/
 
 :: Spring Boot ::   v3.5.0
 :: Spring Cloud Stream ::   v4.3.0
 :: Spring Cloud Function ::   v4.3.0
2025-07-12T12:53:34.594+05:30  INFO [loans,,] 125516 --- [loans] [  restartedMain] com.devsoncall.loans.LoansApplication    : Starting LoansApplication using Java 17.0.12 with PID 125516 (/home/vivek-18890/Downloads/tempProjs/PII_REPO/PERSONAL/GITHUB_PROJECTS/1_WORKING_LIVE/StreamMyMeal-microservices/StreamMyMeal-microservices/loans-service/target/classes started by vivek-18890 in /home/vivek-18890/Downloads/tempProjs/PII_REPO/PERSONAL/GITHUB_PROJECTS/1_WORKING_LIVE/StreamMyMeal-microservices/StreamMyMeal-microservices/loans-service)
2025-07-12T12:53:34.596+05:30  INFO [loans,,] 125516 --- [loans] [  restartedMain] com.devsoncall.loans.LoansApplication    : The following 1 profile is active: "prod"
2025-07-12T12:53:34.656+05:30  INFO [loans,,] 125516 --- [loans] [  restartedMain] o.s.c.c.c.ConfigServerConfigDataLoader   : Fetching config from server at : http://localhost:8090/
2025-07-12T12:53:34.657+05:30  INFO [loans,,] 125516 --- [loans] [  restartedMain] o.s.c.c.c.ConfigServerConfigDataLoader   : Located environment: name=loans, profiles=[default], label=null, version=null, state=null
2025-07-12T12:53:34.657+05:30  INFO [loans,,] 125516 --- [loans] [  restartedMain] o.s.c.c.c.ConfigServerConfigDataLoader   : Fetching config from server at : http://localhost:8090/
2025-07-12T12:53:34.657+05:30  INFO [loans,,] 125516 --- [loans] [  restartedMain] o.s.c.c.c.ConfigServerConfigDataLoader   : Located environment: name=loans, profiles=[prod], label=null, version=null, state=null
2025-07-12T12:53:34.659+05:30  INFO [loans,,] 125516 --- [loans] [  restartedMain] .e.DevToolsPropertyDefaultsPostProcessor : Devtools property defaults active! Set 'spring.devtools.add-properties' to 'false' to disable
2025-07-12T12:53:34.660+05:30  INFO [loans,,] 125516 --- [loans] [  restartedMain] .e.DevToolsPropertyDefaultsPostProcessor : For additional web related logging consider setting the 'logging.level.web' property to 'DEBUG'
2025-07-12T12:53:35.871+05:30  INFO [loans,,] 125516 --- [loans] [  restartedMain] .s.d.r.c.RepositoryConfigurationDelegate : Bootstrapping Spring Data JPA repositories in DEFAULT mode.
2025-07-12T12:53:35.975+05:30  INFO [loans,,] 125516 --- [loans] [  restartedMain] .s.d.r.c.RepositoryConfigurationDelegate : Finished Spring Data repository scanning in 97 ms. Found 1 JPA repository interface.
2025-07-12T12:53:36.190+05:30  INFO [loans,,] 125516 --- [loans] [  restartedMain] faultConfiguringBeanFactoryPostProcessor : No bean named 'errorChannel' has been explicitly defined. Therefore, a default PublishSubscribeChannel will be created.
2025-07-12T12:53:36.198+05:30  INFO [loans,,] 125516 --- [loans] [  restartedMain] faultConfiguringBeanFactoryPostProcessor : No bean named 'integrationHeaderChannelRegistry' has been explicitly defined. Therefore, a default DefaultHeaderChannelRegistry will be created.
2025-07-12T12:53:36.295+05:30  INFO [loans,,] 125516 --- [loans] [  restartedMain] o.s.cloud.context.scope.GenericScope     : BeanFactory id=c275d003-e0f8-336c-a4b6-5fbb410a1889
2025-07-12T12:53:36.812+05:30  INFO [loans,,] 125516 --- [loans] [  restartedMain] o.s.b.w.embedded.tomcat.TomcatWebServer  : Tomcat initialized with port 8083 (http)
2025-07-12T12:53:36.822+05:30  INFO [loans,,] 125516 --- [loans] [  restartedMain] o.apache.catalina.core.StandardService   : Starting service [Tomcat]
2025-07-12T12:53:36.823+05:30  INFO [loans,,] 125516 --- [loans] [  restartedMain] o.apache.catalina.core.StandardEngine    : Starting Servlet engine: [Apache Tomcat/10.1.41]
2025-07-12T12:53:36.854+05:30  INFO [loans,,] 125516 --- [loans] [  restartedMain] o.a.c.c.C.[Tomcat].[localhost].[/]       : Initializing Spring embedded WebApplicationContext
2025-07-12T12:53:36.855+05:30  INFO [loans,,] 125516 --- [loans] [  restartedMain] w.s.c.ServletWebServerApplicationContext : Root WebApplicationContext: initialization completed in 2194 ms
2025-07-12T12:53:37.061+05:30  INFO [loans,,] 125516 --- [loans] [  restartedMain] com.zaxxer.hikari.HikariDataSource       : HikariPool-1 - Starting...
2025-07-12T12:53:37.175+05:30  INFO [loans,,] 125516 --- [loans] [  restartedMain] com.zaxxer.hikari.pool.HikariPool        : HikariPool-1 - Added connection org.postgresql.jdbc.PgConnection@39d7983a
2025-07-12T12:53:37.176+05:30  INFO [loans,,] 125516 --- [loans] [  restartedMain] com.zaxxer.hikari.HikariDataSource       : HikariPool-1 - Start completed.
2025-07-12T12:53:37.234+05:30  INFO [loans,,] 125516 --- [loans] [  restartedMain] o.hibernate.jpa.internal.util.LogHelper  : HHH000204: Processing PersistenceUnitInfo [name: default]
2025-07-12T12:53:37.266+05:30  INFO [loans,,] 125516 --- [loans] [  restartedMain] org.hibernate.Version                    : HHH000412: Hibernate ORM core version 6.6.15.Final
2025-07-12T12:53:37.288+05:30  INFO [loans,,] 125516 --- [loans] [  restartedMain] o.h.c.internal.RegionFactoryInitiator    : HHH000026: Second-level cache disabled
2025-07-12T12:53:37.445+05:30  INFO [loans,,] 125516 --- [loans] [  restartedMain] o.s.o.j.p.SpringPersistenceUnitInfo      : No LoadTimeWeaver setup: ignoring JPA class transformer
2025-07-12T12:53:37.484+05:30  WARN [loans,,] 125516 --- [loans] [  restartedMain] org.hibernate.orm.deprecation            : HHH90000025: PostgreSQLDialect does not need to be specified explicitly using 'hibernate.dialect' (remove the property setting and it will be selected by default)
2025-07-12T12:53:37.499+05:30  INFO [loans,,] 125516 --- [loans] [  restartedMain] org.hibernate.orm.connections.pooling    : HHH10001005: Database info:
	Database JDBC URL [Connecting through datasource 'HikariDataSource (HikariPool-1)']
	Database driver: undefined/unknown
	Database version: 17.5
	Autocommit mode: undefined/unknown
	Isolation level: undefined/unknown
	Minimum pool size: undefined/unknown
	Maximum pool size: undefined/unknown
2025-07-12T12:53:37.998+05:30  INFO [loans,,] 125516 --- [loans] [  restartedMain] o.h.e.t.j.p.i.JtaPlatformInitiator       : HHH000489: No JTA platform available (set 'hibernate.transaction.jta.platform' to enable JTA platform integration)
2025-07-12T12:53:38.031+05:30  INFO [loans,,] 125516 --- [loans] [  restartedMain] j.LocalContainerEntityManagerFactoryBean : Initialized JPA EntityManagerFactory for persistence unit 'default'
2025-07-12T12:53:38.268+05:30  WARN [loans,,] 125516 --- [loans] [  restartedMain] JpaBaseConfiguration$JpaWebConfiguration : spring.jpa.open-in-view is enabled by default. Therefore, database queries may be performed during view rendering. Explicitly configure spring.jpa.open-in-view to disable this warning
2025-07-12T12:53:38.694+05:30  WARN [loans,,] 125516 --- [loans] [  restartedMain] c.f.c.c.BeanFactoryAwareFunctionRegistry : Failed to locate function 'busConsumer' for function definition 'busConsumer'. Returning null.
2025-07-12T12:53:38.730+05:30  INFO [loans,,] 125516 --- [loans] [  restartedMain] o.s.c.s.m.DirectWithAttributesChannel    : Channel 'loans.springCloudBusInput' has 1 subscriber(s).
2025-07-12T12:53:38.832+05:30  WARN [loans,,] 125516 --- [loans] [  restartedMain] o.s.b.d.a.OptionalLiveReloadServer       : Unable to start LiveReload server
2025-07-12T12:53:38.848+05:30  INFO [loans,,] 125516 --- [loans] [  restartedMain] DiscoveryClientOptionalArgsConfiguration : Eureka HTTP Client uses RestTemplate.
2025-07-12T12:53:38.870+05:30  WARN [loans,,] 125516 --- [loans] [  restartedMain] iguration$LoadBalancerCaffeineWarnLogger : Spring Cloud LoadBalancer is currently working with the default cache. While this cache implementation is useful for development and tests, it's recommended to use Caffeine cache in production.You can switch to using Caffeine cache, by adding it and org.springframework.cache.caffeine.CaffeineCacheManager to the classpath.
2025-07-12T12:53:38.874+05:30  INFO [loans,,] 125516 --- [loans] [  restartedMain] o.s.b.a.e.web.EndpointLinksResolver      : Exposing 24 endpoints beneath base path '/actuator'
2025-07-12T12:53:38.954+05:30  INFO [loans,,] 125516 --- [loans] [  restartedMain] o.s.i.endpoint.EventDrivenConsumer       : Adding {logging-channel-adapter:_org.springframework.integration.errorLogger} as a subscriber to the 'errorChannel' channel
2025-07-12T12:53:38.954+05:30  INFO [loans,,] 125516 --- [loans] [  restartedMain] o.s.i.channel.PublishSubscribeChannel    : Channel 'loans.errorChannel' has 1 subscriber(s).
2025-07-12T12:53:38.954+05:30  INFO [loans,,] 125516 --- [loans] [  restartedMain] o.s.i.endpoint.EventDrivenConsumer       : started bean '_org.springframework.integration.errorLogger'
2025-07-12T12:53:38.981+05:30  INFO [loans,,] 125516 --- [loans] [  restartedMain] o.s.c.n.eureka.InstanceInfoFactory       : Setting initial instance status as: STARTING
2025-07-12T12:53:38.993+05:30  INFO [loans,,] 125516 --- [loans] [  restartedMain] com.netflix.discovery.DiscoveryClient    : Initializing Eureka in region us-east-1
2025-07-12T12:53:38.995+05:30  INFO [loans,,] 125516 --- [loans] [  restartedMain] c.n.d.s.r.aws.ConfigClusterResolver      : Resolving eureka endpoints via configuration
2025-07-12T12:53:39.000+05:30  INFO [loans,,] 125516 --- [loans] [  restartedMain] com.netflix.discovery.DiscoveryClient    : Disable delta property : false
2025-07-12T12:53:39.000+05:30  INFO [loans,,] 125516 --- [loans] [  restartedMain] com.netflix.discovery.DiscoveryClient    : Single vip registry refresh property : null
2025-07-12T12:53:39.000+05:30  INFO [loans,,] 125516 --- [loans] [  restartedMain] com.netflix.discovery.DiscoveryClient    : Force full registry fetch : false
2025-07-12T12:53:39.000+05:30  INFO [loans,,] 125516 --- [loans] [  restartedMain] com.netflix.discovery.DiscoveryClient    : Application is null : false
2025-07-12T12:53:39.000+05:30  INFO [loans,,] 125516 --- [loans] [  restartedMain] com.netflix.discovery.DiscoveryClient    : Registered Applications size is zero : true
2025-07-12T12:53:39.000+05:30  INFO [loans,,] 125516 --- [loans] [  restartedMain] com.netflix.discovery.DiscoveryClient    : Application version is -1: true
2025-07-12T12:53:39.000+05:30  INFO [loans,,] 125516 --- [loans] [  restartedMain] com.netflix.discovery.DiscoveryClient    : Getting all instance registry info from the eureka server
2025-07-12T12:53:39.115+05:30  INFO [loans,,] 125516 --- [loans] [  restartedMain] com.netflix.discovery.DiscoveryClient    : The response status is 200
2025-07-12T12:53:39.116+05:30  INFO [loans,,] 125516 --- [loans] [  restartedMain] com.netflix.discovery.DiscoveryClient    : Starting heartbeat executor: renew interval is: 30
2025-07-12T12:53:39.117+05:30  INFO [loans,,] 125516 --- [loans] [  restartedMain] c.n.discovery.InstanceInfoReplicator     : InstanceInfoReplicator onDemand update allowed rate per min is 4
2025-07-12T12:53:39.117+05:30  INFO [loans,,] 125516 --- [loans] [  restartedMain] com.netflix.discovery.DiscoveryClient    : Discovery Client initialized at timestamp 1752305019117 with initial instances count: 0
2025-07-12T12:53:39.120+05:30  INFO [loans,,] 125516 --- [loans] [  restartedMain] o.s.c.n.e.s.EurekaServiceRegistry        : Registering application LOANS with eureka with status UP
2025-07-12T12:53:39.120+05:30  INFO [loans,,] 125516 --- [loans] [  restartedMain] com.netflix.discovery.DiscoveryClient    : Saw local status change event StatusChangeEvent [timestamp=1752305019120, current=UP, previous=STARTING]
2025-07-12T12:53:39.121+05:30  INFO [loans,,] 125516 --- [loans] [foReplicator-%d] com.netflix.discovery.DiscoveryClient    : DiscoveryClient_LOANS/10.71.88.167:loans:8083: registering service...
2025-07-12T12:53:39.122+05:30  INFO [loans,,] 125516 --- [loans] [  restartedMain] o.s.c.s.binder.DefaultBinderFactory      : Creating binder: rabbit
2025-07-12T12:53:39.122+05:30  INFO [loans,,] 125516 --- [loans] [  restartedMain] o.s.c.s.binder.DefaultBinderFactory      : Constructing binder child context for rabbit
2025-07-12T12:53:39.149+05:30  INFO [loans,,] 125516 --- [loans] [foReplicator-%d] com.netflix.discovery.DiscoveryClient    : DiscoveryClient_LOANS/10.71.88.167:loans:8083 - registration status: 204
2025-07-12T12:53:39.180+05:30  INFO [loans,,] 125516 --- [loans] [  restartedMain] o.s.c.s.binder.DefaultBinderFactory      : Caching the binder: rabbit
2025-07-12T12:53:39.192+05:30  INFO [loans,,] 125516 --- [loans] [  restartedMain] c.s.b.r.p.RabbitExchangeQueueProvisioner : declaring queue for inbound: springCloudBus.anonymous.1-Dks-KLTX2iJ1BB5dc3nw, bound to: springCloudBus
2025-07-12T12:53:39.195+05:30  INFO [loans,,] 125516 --- [loans] [  restartedMain] o.s.a.r.c.CachingConnectionFactory       : Attempting to connect to: [localhost:5672]
2025-07-12T12:53:39.220+05:30  INFO [loans,,] 125516 --- [loans] [  restartedMain] o.s.a.r.c.CachingConnectionFactory       : Created new connection: rabbitConnectionFactory#24f062fb:0/SimpleConnection@147a5695 [delegate=amqp://guest@127.0.0.1:5672/, localPort=55196]
2025-07-12T12:53:39.250+05:30  INFO [loans,,] 125516 --- [loans] [  restartedMain] o.s.c.stream.binder.BinderErrorChannel   : Channel 'rabbit-1874801878.springCloudBusInput.errors' has 1 subscriber(s).
2025-07-12T12:53:39.251+05:30  INFO [loans,,] 125516 --- [loans] [  restartedMain] o.s.c.stream.binder.BinderErrorChannel   : Channel 'rabbit-1874801878.springCloudBusInput.errors' has 2 subscriber(s).
2025-07-12T12:53:39.262+05:30  INFO [loans,,] 125516 --- [loans] [  restartedMain] o.s.i.a.i.AmqpInboundChannelAdapter      : started bean 'inbound.springCloudBus.anonymous.1-Dks-KLTX2iJ1BB5dc3nw'
2025-07-12T12:53:39.271+05:30  INFO [loans,,] 125516 --- [loans] [  restartedMain] o.s.b.w.embedded.tomcat.TomcatWebServer  : Tomcat started on port 8083 (http) with context path '/'
2025-07-12T12:53:39.272+05:30  INFO [loans,,] 125516 --- [loans] [  restartedMain] .s.c.n.e.s.EurekaAutoServiceRegistration : Updating port to 8083
2025-07-12T12:53:39.306+05:30  INFO [loans,,] 125516 --- [loans] [  restartedMain] com.devsoncall.loans.LoansApplication    : Started LoansApplication in 5.519 seconds (process running for 5.991)
2025-07-12T12:54:09.117+05:30  INFO [loans,,] 125516 --- [loans] [reshExecutor-%d] com.netflix.discovery.DiscoveryClient    : Disable delta property : false
2025-07-12T12:54:09.117+05:30  INFO [loans,,] 125516 --- [loans] [reshExecutor-%d] com.netflix.discovery.DiscoveryClient    : Single vip registry refresh property : null
2025-07-12T12:54:09.117+05:30  INFO [loans,,] 125516 --- [loans] [reshExecutor-%d] com.netflix.discovery.DiscoveryClient    : Force full registry fetch : false
2025-07-12T12:54:09.117+05:30  INFO [loans,,] 125516 --- [loans] [reshExecutor-%d] com.netflix.discovery.DiscoveryClient    : Application is null : false
2025-07-12T12:54:09.117+05:30  INFO [loans,,] 125516 --- [loans] [reshExecutor-%d] com.netflix.discovery.DiscoveryClient    : Registered Applications size is zero : true
2025-07-12T12:54:09.118+05:30  INFO [loans,,] 125516 --- [loans] [reshExecutor-%d] com.netflix.discovery.DiscoveryClient    : Application version is -1: false
2025-07-12T12:54:09.118+05:30  INFO [loans,,] 125516 --- [loans] [reshExecutor-%d] com.netflix.discovery.DiscoveryClient    : Getting all instance registry info from the eureka server
2025-07-12T12:54:09.139+05:30  INFO [loans,,] 125516 --- [loans] [reshExecutor-%d] com.netflix.discovery.DiscoveryClient    : The response status is 200
2025-07-12T12:56:10.318+05:30  INFO [loans,,] 125516 --- [loans] [ionShutdownHook] o.s.c.n.e.s.EurekaServiceRegistry        : Unregistering application LOANS with eureka with status DOWN
2025-07-12T12:56:10.318+05:30  INFO [loans,,] 125516 --- [loans] [ionShutdownHook] com.netflix.discovery.DiscoveryClient    : Saw local status change event StatusChangeEvent [timestamp=1752305170318, current=DOWN, previous=UP]
2025-07-12T12:56:10.318+05:30  INFO [loans,,] 125516 --- [loans] [foReplicator-%d] com.netflix.discovery.DiscoveryClient    : DiscoveryClient_LOANS/10.71.88.167:loans:8083: registering service...
2025-07-12T12:56:10.324+05:30  INFO [loans,,] 125516 --- [loans] [ionShutdownHook] o.s.b.w.e.tomcat.GracefulShutdown        : Commencing graceful shutdown. Waiting for active requests to complete
2025-07-12T12:56:10.328+05:30  INFO [loans,,] 125516 --- [loans] [foReplicator-%d] com.netflix.discovery.DiscoveryClient    : DiscoveryClient_LOANS/10.71.88.167:loans:8083 - registration status: 204
2025-07-12T12:56:10.331+05:30  INFO [loans,,] 125516 --- [loans] [tomcat-shutdown] o.s.b.w.e.tomcat.GracefulShutdown        : Graceful shutdown complete
2025-07-12T12:56:10.356+05:30  INFO [loans,,] 125516 --- [loans] [ionShutdownHook] o.s.a.r.l.SimpleMessageListenerContainer : Waiting for workers to finish.
2025-07-12T12:56:11.293+05:30  INFO [loans,,] 125516 --- [loans] [ionShutdownHook] o.s.a.r.l.SimpleMessageListenerContainer : Successfully waited for workers to finish.
2025-07-12T12:56:11.294+05:30  INFO [loans,,] 125516 --- [loans] [ionShutdownHook] o.s.i.a.i.AmqpInboundChannelAdapter      : stopped bean 'inbound.springCloudBus.anonymous.1-Dks-KLTX2iJ1BB5dc3nw'
2025-07-12T12:56:11.313+05:30  INFO [loans,,] 125516 --- [loans] [ionShutdownHook] o.s.c.stream.binder.BinderErrorChannel   : Channel 'loans.rabbit-1874801878.springCloudBusInput.errors' has 1 subscriber(s).
2025-07-12T12:56:11.315+05:30  INFO [loans,,] 125516 --- [loans] [ionShutdownHook] o.s.c.stream.binder.BinderErrorChannel   : Channel 'loans.rabbit-1874801878.springCloudBusInput.errors' has 0 subscriber(s).
2025-07-12T12:56:11.351+05:30  INFO [loans,,] 125516 --- [loans] [ionShutdownHook] o.s.i.endpoint.EventDrivenConsumer       : Removing {logging-channel-adapter:_org.springframework.integration.errorLogger} as a subscriber to the 'errorChannel' channel
2025-07-12T12:56:11.351+05:30  INFO [loans,,] 125516 --- [loans] [ionShutdownHook] o.s.i.channel.PublishSubscribeChannel    : Channel 'loans.errorChannel' has 0 subscriber(s).
2025-07-12T12:56:11.351+05:30  INFO [loans,,] 125516 --- [loans] [ionShutdownHook] o.s.i.endpoint.EventDrivenConsumer       : stopped bean '_org.springframework.integration.errorLogger'
2025-07-12T12:56:11.359+05:30  INFO [loans,,] 125516 --- [loans] [ionShutdownHook] j.LocalContainerEntityManagerFactoryBean : Closing JPA EntityManagerFactory for persistence unit 'default'
2025-07-12T12:56:11.361+05:30  INFO [loans,,] 125516 --- [loans] [ionShutdownHook] com.zaxxer.hikari.HikariDataSource       : HikariPool-1 - Shutdown initiated...
2025-07-12T12:56:11.364+05:30  INFO [loans,,] 125516 --- [loans] [ionShutdownHook] com.zaxxer.hikari.HikariDataSource       : HikariPool-1 - Shutdown completed.
2025-07-12T12:56:11.366+05:30  INFO [loans,,] 125516 --- [loans] [ionShutdownHook] com.netflix.discovery.DiscoveryClient    : Shutting down DiscoveryClient ...
2025-07-12T12:56:14.367+05:30  INFO [loans,,] 125516 --- [loans] [ionShutdownHook] com.netflix.discovery.DiscoveryClient    : Unregistering ...
2025-07-12T12:56:14.374+05:30  INFO [loans,,] 125516 --- [loans] [ionShutdownHook] c.n.d.s.t.d.RedirectingEurekaHttpClient  : Request execution error. endpoint=DefaultEndpoint{ serviceUrl='http://localhost:8092/eureka/} exception=I/O error on DELETE request for "http://localhost:8092/eureka/apps/LOANS/10.71.88.167:loans:8083": Connect to http://localhost:8092 [localhost/127.0.0.1] failed: Connection refused stacktrace=org.springframework.web.client.ResourceAccessException: I/O error on DELETE request for "http://localhost:8092/eureka/apps/LOANS/10.71.88.167:loans:8083": Connect to http://localhost:8092 [localhost/127.0.0.1] failed: Connection refused
	at org.springframework.web.client.RestTemplate.createResourceAccessException(RestTemplate.java:926)
	at org.springframework.web.client.RestTemplate.doExecute(RestTemplate.java:906)
	at org.springframework.web.client.RestTemplate.execute(RestTemplate.java:841)
	at org.springframework.web.client.RestTemplate.exchange(RestTemplate.java:702)
	at org.springframework.cloud.netflix.eureka.http.RestTemplateEurekaHttpClient.cancel(RestTemplateEurekaHttpClient.java:100)
	at com.netflix.discovery.shared.transport.decorator.EurekaHttpClientDecorator$2.execute(EurekaHttpClientDecorator.java:74)
	at com.netflix.discovery.shared.transport.decorator.RedirectingEurekaHttpClient.execute(RedirectingEurekaHttpClient.java:91)
	at com.netflix.discovery.shared.transport.decorator.EurekaHttpClientDecorator.cancel(EurekaHttpClientDecorator.java:71)
	at com.netflix.discovery.shared.transport.decorator.EurekaHttpClientDecorator$2.execute(EurekaHttpClientDecorator.java:74)
	at com.netflix.discovery.shared.transport.decorator.RetryableEurekaHttpClient.execute(RetryableEurekaHttpClient.java:120)
	at com.netflix.discovery.shared.transport.decorator.EurekaHttpClientDecorator.cancel(EurekaHttpClientDecorator.java:71)
	at com.netflix.discovery.shared.transport.decorator.EurekaHttpClientDecorator$2.execute(EurekaHttpClientDecorator.java:74)
	at com.netflix.discovery.shared.transport.decorator.SessionedEurekaHttpClient.execute(SessionedEurekaHttpClient.java:76)
	at com.netflix.discovery.shared.transport.decorator.EurekaHttpClientDecorator.cancel(EurekaHttpClientDecorator.java:71)
	at com.netflix.discovery.DiscoveryClient.unregister(DiscoveryClient.java:919)
	at com.netflix.discovery.DiscoveryClient.shutdown(DiscoveryClient.java:900)
	at java.base/jdk.internal.reflect.NativeMethodAccessorImpl.invoke0(Native Method)
	at java.base/jdk.internal.reflect.NativeMethodAccessorImpl.invoke(NativeMethodAccessorImpl.java:77)
	at java.base/jdk.internal.reflect.DelegatingMethodAccessorImpl.invoke(DelegatingMethodAccessorImpl.java:43)
	at java.base/java.lang.reflect.Method.invoke(Method.java:568)
	at org.springframework.beans.factory.annotation.InitDestroyAnnotationBeanPostProcessor$LifecycleMethod.invoke(InitDestroyAnnotationBeanPostProcessor.java:457)
	at org.springframework.beans.factory.annotation.InitDestroyAnnotationBeanPostProcessor$LifecycleMetadata.invokeDestroyMethods(InitDestroyAnnotationBeanPostProcessor.java:415)
	at org.springframework.beans.factory.annotation.InitDestroyAnnotationBeanPostProcessor.postProcessBeforeDestruction(InitDestroyAnnotationBeanPostProcessor.java:239)
	at org.springframework.beans.factory.support.DisposableBeanAdapter.destroy(DisposableBeanAdapter.java:202)
	at org.springframework.beans.factory.support.DisposableBeanAdapter.run(DisposableBeanAdapter.java:195)
	at org.springframework.cloud.context.scope.GenericScope$BeanLifecycleWrapper.destroy(GenericScope.java:387)
	at org.springframework.cloud.context.scope.GenericScope.destroy(GenericScope.java:134)
	at org.springframework.beans.factory.support.DisposableBeanAdapter.destroy(DisposableBeanAdapter.java:211)
	at org.springframework.beans.factory.support.DefaultSingletonBeanRegistry.destroyBean(DefaultSingletonBeanRegistry.java:798)
	at org.springframework.beans.factory.support.DefaultSingletonBeanRegistry.destroySingleton(DefaultSingletonBeanRegistry.java:748)
	at org.springframework.beans.factory.support.DefaultListableBeanFactory.destroySingleton(DefaultListableBeanFactory.java:1474)
	at org.springframework.beans.factory.support.DefaultSingletonBeanRegistry.destroySingletons(DefaultSingletonBeanRegistry.java:707)
	at org.springframework.beans.factory.support.DefaultListableBeanFactory.destroySingletons(DefaultListableBeanFactory.java:1467)
	at org.springframework.context.support.AbstractApplicationContext.destroyBeans(AbstractApplicationContext.java:1219)
	at org.springframework.context.support.AbstractApplicationContext.doClose(AbstractApplicationContext.java:1180)
	at org.springframework.boot.web.servlet.context.ServletWebServerApplicationContext.doClose(ServletWebServerApplicationContext.java:179)
	at org.springframework.context.support.AbstractApplicationContext.close(AbstractApplicationContext.java:1126)
	at org.springframework.boot.SpringApplicationShutdownHook.closeAndWait(SpringApplicationShutdownHook.java:147)
	at java.base/java.lang.Iterable.forEach(Iterable.java:75)
	at org.springframework.boot.SpringApplicationShutdownHook.run(SpringApplicationShutdownHook.java:116)
	at java.base/java.lang.Thread.run(Thread.java:842)
Caused by: org.apache.hc.client5.http.HttpHostConnectException: Connect to http://localhost:8092 [localhost/127.0.0.1] failed: Connection refused
	at java.base/sun.nio.ch.Net.pollConnect(Native Method)
	at java.base/sun.nio.ch.Net.pollConnectNow(Net.java:672)
	at java.base/sun.nio.ch.NioSocketImpl.timedFinishConnect(NioSocketImpl.java:547)
	at java.base/sun.nio.ch.NioSocketImpl.connect(NioSocketImpl.java:602)
	at java.base/java.net.SocksSocketImpl.connect(SocksSocketImpl.java:327)
	at java.base/java.net.Socket.connect(Socket.java:633)
	at org.apache.hc.client5.http.impl.io.DefaultHttpClientConnectionOperator.connect(DefaultHttpClientConnectionOperator.java:216)
	at org.apache.hc.client5.http.impl.io.PoolingHttpClientConnectionManager.connect(PoolingHttpClientConnectionManager.java:490)
	at org.apache.hc.client5.http.impl.classic.InternalExecRuntime.connectEndpoint(InternalExecRuntime.java:164)
	at org.apache.hc.client5.http.impl.classic.InternalExecRuntime.connectEndpoint(InternalExecRuntime.java:174)
	at org.apache.hc.client5.http.impl.classic.ConnectExec.execute(ConnectExec.java:144)
	at org.apache.hc.client5.http.impl.classic.ExecChainElement.execute(ExecChainElement.java:51)
	at org.apache.hc.client5.http.impl.classic.ProtocolExec.execute(ProtocolExec.java:192)
	at org.apache.hc.client5.http.impl.classic.ExecChainElement.execute(ExecChainElement.java:51)
	at org.apache.hc.client5.http.impl.classic.ContentCompressionExec.execute(ContentCompressionExec.java:150)
	at org.apache.hc.client5.http.impl.classic.ExecChainElement.execute(ExecChainElement.java:51)
	at org.apache.hc.client5.http.impl.classic.HttpRequestRetryExec.execute(HttpRequestRetryExec.java:113)
	at org.apache.hc.client5.http.impl.classic.ExecChainElement.execute(ExecChainElement.java:51)
	at org.apache.hc.client5.http.impl.classic.RedirectExec.execute(RedirectExec.java:110)
	at org.apache.hc.client5.http.impl.classic.ExecChainElement.execute(ExecChainElement.java:51)
	at org.apache.hc.client5.http.impl.classic.InternalHttpClient.doExecute(InternalHttpClient.java:183)
	at org.apache.hc.client5.http.impl.classic.CloseableHttpClient.execute(CloseableHttpClient.java:87)
	at org.apache.hc.client5.http.impl.classic.CloseableHttpClient.execute(CloseableHttpClient.java:55)
	at org.apache.hc.client5.http.classic.HttpClient.executeOpen(HttpClient.java:183)
	at org.springframework.http.client.HttpComponentsClientHttpRequest.executeInternal(HttpComponentsClientHttpRequest.java:99)
	at org.springframework.http.client.AbstractStreamingClientHttpRequest.executeInternal(AbstractStreamingClientHttpRequest.java:71)
	at org.springframework.http.client.AbstractClientHttpRequest.execute(AbstractClientHttpRequest.java:81)
	at org.springframework.http.client.InterceptingClientHttpRequest$InterceptingRequestExecution.execute(InterceptingClientHttpRequest.java:117)
	at org.springframework.cloud.netflix.eureka.http.RestTemplateTransportClientFactory.lambda$restTemplate$2(RestTemplateTransportClientFactory.java:145)
	at org.springframework.http.client.InterceptingClientHttpRequest$InterceptingRequestExecution.execute(InterceptingClientHttpRequest.java:88)
	at org.springframework.http.client.InterceptingClientHttpRequest.executeInternal(InterceptingClientHttpRequest.java:72)
	at org.springframework.http.client.AbstractBufferingClientHttpRequest.executeInternal(AbstractBufferingClientHttpRequest.java:48)
	at org.springframework.http.client.AbstractClientHttpRequest.execute(AbstractClientHttpRequest.java:81)
	at org.springframework.web.client.RestTemplate.doExecute(RestTemplate.java:900)
	... 39 more

2025-07-12T12:56:14.375+05:30  WARN [loans,,] 125516 --- [loans] [ionShutdownHook] c.n.d.s.t.d.RetryableEurekaHttpClient    : Request execution failed with message: I/O error on DELETE request for "http://localhost:8092/eureka/apps/LOANS/10.71.88.167:loans:8083": Connect to http://localhost:8092 [localhost/127.0.0.1] failed: Connection refused
2025-07-12T12:56:14.380+05:30  INFO [loans,,] 125516 --- [loans] [ionShutdownHook] c.n.d.s.t.d.RedirectingEurekaHttpClient  : Request execution error. endpoint=DefaultEndpoint{ serviceUrl='http://localhost:8092/eureka/}, exception=I/O error on DELETE request for "http://localhost:8092/eureka/apps/LOANS/10.71.88.167:loans:8083": Connect to http://localhost:8092 [localhost/127.0.0.1] failed: Connection refused stacktrace=org.springframework.web.client.ResourceAccessException: I/O error on DELETE request for "http://localhost:8092/eureka/apps/LOANS/10.71.88.167:loans:8083": Connect to http://localhost:8092 [localhost/127.0.0.1] failed: Connection refused
	at org.springframework.web.client.RestTemplate.createResourceAccessException(RestTemplate.java:926)
	at org.springframework.web.client.RestTemplate.doExecute(RestTemplate.java:906)
	at org.springframework.web.client.RestTemplate.execute(RestTemplate.java:841)
	at org.springframework.web.client.RestTemplate.exchange(RestTemplate.java:702)
	at org.springframework.cloud.netflix.eureka.http.RestTemplateEurekaHttpClient.cancel(RestTemplateEurekaHttpClient.java:100)
	at com.netflix.discovery.shared.transport.decorator.EurekaHttpClientDecorator$2.execute(EurekaHttpClientDecorator.java:74)
	at com.netflix.discovery.shared.transport.decorator.RedirectingEurekaHttpClient.executeOnNewServer(RedirectingEurekaHttpClient.java:121)
	at com.netflix.discovery.shared.transport.decorator.RedirectingEurekaHttpClient.execute(RedirectingEurekaHttpClient.java:80)
	at com.netflix.discovery.shared.transport.decorator.EurekaHttpClientDecorator.cancel(EurekaHttpClientDecorator.java:71)
	at com.netflix.discovery.shared.transport.decorator.EurekaHttpClientDecorator$2.execute(EurekaHttpClientDecorator.java:74)
	at com.netflix.discovery.shared.transport.decorator.RetryableEurekaHttpClient.execute(RetryableEurekaHttpClient.java:120)
	at com.netflix.discovery.shared.transport.decorator.EurekaHttpClientDecorator.cancel(EurekaHttpClientDecorator.java:71)
	at com.netflix.discovery.shared.transport.decorator.EurekaHttpClientDecorator$2.execute(EurekaHttpClientDecorator.java:74)
	at com.netflix.discovery.shared.transport.decorator.SessionedEurekaHttpClient.execute(SessionedEurekaHttpClient.java:76)
	at com.netflix.discovery.shared.transport.decorator.EurekaHttpClientDecorator.cancel(EurekaHttpClientDecorator.java:71)
	at com.netflix.discovery.DiscoveryClient.unregister(DiscoveryClient.java:919)
	at com.netflix.discovery.DiscoveryClient.shutdown(DiscoveryClient.java:900)
	at java.base/jdk.internal.reflect.NativeMethodAccessorImpl.invoke0(Native Method)
	at java.base/jdk.internal.reflect.NativeMethodAccessorImpl.invoke(NativeMethodAccessorImpl.java:77)
	at java.base/jdk.internal.reflect.DelegatingMethodAccessorImpl.invoke(DelegatingMethodAccessorImpl.java:43)
	at java.base/java.lang.reflect.Method.invoke(Method.java:568)
	at org.springframework.beans.factory.annotation.InitDestroyAnnotationBeanPostProcessor$LifecycleMethod.invoke(InitDestroyAnnotationBeanPostProcessor.java:457)
	at org.springframework.beans.factory.annotation.InitDestroyAnnotationBeanPostProcessor$LifecycleMetadata.invokeDestroyMethods(InitDestroyAnnotationBeanPostProcessor.java:415)
	at org.springframework.beans.factory.annotation.InitDestroyAnnotationBeanPostProcessor.postProcessBeforeDestruction(InitDestroyAnnotationBeanPostProcessor.java:239)
	at org.springframework.beans.factory.support.DisposableBeanAdapter.destroy(DisposableBeanAdapter.java:202)
	at org.springframework.beans.factory.support.DisposableBeanAdapter.run(DisposableBeanAdapter.java:195)
	at org.springframework.cloud.context.scope.GenericScope$BeanLifecycleWrapper.destroy(GenericScope.java:387)
	at org.springframework.cloud.context.scope.GenericScope.destroy(GenericScope.java:134)
	at org.springframework.beans.factory.support.DisposableBeanAdapter.destroy(DisposableBeanAdapter.java:211)
	at org.springframework.beans.factory.support.DefaultSingletonBeanRegistry.destroyBean(DefaultSingletonBeanRegistry.java:798)
	at org.springframework.beans.factory.support.DefaultSingletonBeanRegistry.destroySingleton(DefaultSingletonBeanRegistry.java:748)
	at org.springframework.beans.factory.support.DefaultListableBeanFactory.destroySingleton(DefaultListableBeanFactory.java:1474)
	at org.springframework.beans.factory.support.DefaultSingletonBeanRegistry.destroySingletons(DefaultSingletonBeanRegistry.java:707)
	at org.springframework.beans.factory.support.DefaultListableBeanFactory.destroySingletons(DefaultListableBeanFactory.java:1467)
	at org.springframework.context.support.AbstractApplicationContext.destroyBeans(AbstractApplicationContext.java:1219)
	at org.springframework.context.support.AbstractApplicationContext.doClose(AbstractApplicationContext.java:1180)
	at org.springframework.boot.web.servlet.context.ServletWebServerApplicationContext.doClose(ServletWebServerApplicationContext.java:179)
	at org.springframework.context.support.AbstractApplicationContext.close(AbstractApplicationContext.java:1126)
	at org.springframework.boot.SpringApplicationShutdownHook.closeAndWait(SpringApplicationShutdownHook.java:147)
	at java.base/java.lang.Iterable.forEach(Iterable.java:75)
	at org.springframework.boot.SpringApplicationShutdownHook.run(SpringApplicationShutdownHook.java:116)
	at java.base/java.lang.Thread.run(Thread.java:842)
Caused by: org.apache.hc.client5.http.HttpHostConnectException: Connect to http://localhost:8092 [localhost/127.0.0.1] failed: Connection refused
	at java.base/sun.nio.ch.Net.pollConnect(Native Method)
	at java.base/sun.nio.ch.Net.pollConnectNow(Net.java:672)
	at java.base/sun.nio.ch.NioSocketImpl.timedFinishConnect(NioSocketImpl.java:547)
	at java.base/sun.nio.ch.NioSocketImpl.connect(NioSocketImpl.java:602)
	at java.base/java.net.SocksSocketImpl.connect(SocksSocketImpl.java:327)
	at java.base/java.net.Socket.connect(Socket.java:633)
	at org.apache.hc.client5.http.impl.io.DefaultHttpClientConnectionOperator.connect(DefaultHttpClientConnectionOperator.java:216)
	at org.apache.hc.client5.http.impl.io.PoolingHttpClientConnectionManager.connect(PoolingHttpClientConnectionManager.java:490)
	at org.apache.hc.client5.http.impl.classic.InternalExecRuntime.connectEndpoint(InternalExecRuntime.java:164)
	at org.apache.hc.client5.http.impl.classic.InternalExecRuntime.connectEndpoint(InternalExecRuntime.java:174)
	at org.apache.hc.client5.http.impl.classic.ConnectExec.execute(ConnectExec.java:144)
	at org.apache.hc.client5.http.impl.classic.ExecChainElement.execute(ExecChainElement.java:51)
	at org.apache.hc.client5.http.impl.classic.ProtocolExec.execute(ProtocolExec.java:192)
	at org.apache.hc.client5.http.impl.classic.ExecChainElement.execute(ExecChainElement.java:51)
	at org.apache.hc.client5.http.impl.classic.ContentCompressionExec.execute(ContentCompressionExec.java:150)
	at org.apache.hc.client5.http.impl.classic.ExecChainElement.execute(ExecChainElement.java:51)
	at org.apache.hc.client5.http.impl.classic.HttpRequestRetryExec.execute(HttpRequestRetryExec.java:113)
	at org.apache.hc.client5.http.impl.classic.ExecChainElement.execute(ExecChainElement.java:51)
	at org.apache.hc.client5.http.impl.classic.RedirectExec.execute(RedirectExec.java:110)
	at org.apache.hc.client5.http.impl.classic.ExecChainElement.execute(ExecChainElement.java:51)
	at org.apache.hc.client5.http.impl.classic.InternalHttpClient.doExecute(InternalHttpClient.java:183)
	at org.apache.hc.client5.http.impl.classic.CloseableHttpClient.execute(CloseableHttpClient.java:87)
	at org.apache.hc.client5.http.impl.classic.CloseableHttpClient.execute(CloseableHttpClient.java:55)
	at org.apache.hc.client5.http.classic.HttpClient.executeOpen(HttpClient.java:183)
	at org.springframework.http.client.HttpComponentsClientHttpRequest.executeInternal(HttpComponentsClientHttpRequest.java:99)
	at org.springframework.http.client.AbstractStreamingClientHttpRequest.executeInternal(AbstractStreamingClientHttpRequest.java:71)
	at org.springframework.http.client.AbstractClientHttpRequest.execute(AbstractClientHttpRequest.java:81)
	at org.springframework.http.client.InterceptingClientHttpRequest$InterceptingRequestExecution.execute(InterceptingClientHttpRequest.java:117)
	at org.springframework.cloud.netflix.eureka.http.RestTemplateTransportClientFactory.lambda$restTemplate$2(RestTemplateTransportClientFactory.java:145)
	at org.springframework.http.client.InterceptingClientHttpRequest$InterceptingRequestExecution.execute(InterceptingClientHttpRequest.java:88)
	at org.springframework.http.client.InterceptingClientHttpRequest.executeInternal(InterceptingClientHttpRequest.java:72)
	at org.springframework.http.client.AbstractBufferingClientHttpRequest.executeInternal(AbstractBufferingClientHttpRequest.java:48)
	at org.springframework.http.client.AbstractClientHttpRequest.execute(AbstractClientHttpRequest.java:81)
	at org.springframework.web.client.RestTemplate.doExecute(RestTemplate.java:900)
	... 40 more

2025-07-12T12:56:14.380+05:30  WARN [loans,,] 125516 --- [loans] [ionShutdownHook] c.n.d.s.t.d.RetryableEurekaHttpClient    : Request execution failed with message: I/O error on DELETE request for "http://localhost:8092/eureka/apps/LOANS/10.71.88.167:loans:8083": Connect to http://localhost:8092 [localhost/127.0.0.1] failed: Connection refused
2025-07-12T12:56:14.381+05:30 ERROR [loans,,] 125516 --- [loans] [ionShutdownHook] com.netflix.discovery.DiscoveryClient    : DiscoveryClient_LOANS/10.71.88.167:loans:8083 - de-registration failedCannot execute request on any known server

com.netflix.discovery.shared.transport.TransportException: Cannot execute request on any known server
	at com.netflix.discovery.shared.transport.decorator.RetryableEurekaHttpClient.execute(RetryableEurekaHttpClient.java:112) ~[eureka-client-2.0.4.jar:2.0.4]
	at com.netflix.discovery.shared.transport.decorator.EurekaHttpClientDecorator.cancel(EurekaHttpClientDecorator.java:71) ~[eureka-client-2.0.4.jar:2.0.4]
	at com.netflix.discovery.shared.transport.decorator.EurekaHttpClientDecorator$2.execute(EurekaHttpClientDecorator.java:74) ~[eureka-client-2.0.4.jar:2.0.4]
	at com.netflix.discovery.shared.transport.decorator.SessionedEurekaHttpClient.execute(SessionedEurekaHttpClient.java:76) ~[eureka-client-2.0.4.jar:2.0.4]
	at com.netflix.discovery.shared.transport.decorator.EurekaHttpClientDecorator.cancel(EurekaHttpClientDecorator.java:71) ~[eureka-client-2.0.4.jar:2.0.4]
	at com.netflix.discovery.DiscoveryClient.unregister(DiscoveryClient.java:919) ~[eureka-client-2.0.4.jar:2.0.4]
	at com.netflix.discovery.DiscoveryClient.shutdown(DiscoveryClient.java:900) ~[eureka-client-2.0.4.jar:2.0.4]
	at java.base/jdk.internal.reflect.NativeMethodAccessorImpl.invoke0(Native Method) ~[na:na]
	at java.base/jdk.internal.reflect.NativeMethodAccessorImpl.invoke(NativeMethodAccessorImpl.java:77) ~[na:na]
	at java.base/jdk.internal.reflect.DelegatingMethodAccessorImpl.invoke(DelegatingMethodAccessorImpl.java:43) ~[na:na]
	at java.base/java.lang.reflect.Method.invoke(Method.java:568) ~[na:na]
	at org.springframework.beans.factory.annotation.InitDestroyAnnotationBeanPostProcessor$LifecycleMethod.invoke(InitDestroyAnnotationBeanPostProcessor.java:457) ~[spring-beans-6.2.7.jar:6.2.7]
	at org.springframework.beans.factory.annotation.InitDestroyAnnotationBeanPostProcessor$LifecycleMetadata.invokeDestroyMethods(InitDestroyAnnotationBeanPostProcessor.java:415) ~[spring-beans-6.2.7.jar:6.2.7]
	at org.springframework.beans.factory.annotation.InitDestroyAnnotationBeanPostProcessor.postProcessBeforeDestruction(InitDestroyAnnotationBeanPostProcessor.java:239) ~[spring-beans-6.2.7.jar:6.2.7]
	at org.springframework.beans.factory.support.DisposableBeanAdapter.destroy(DisposableBeanAdapter.java:202) ~[spring-beans-6.2.7.jar:6.2.7]
	at org.springframework.beans.factory.support.DisposableBeanAdapter.run(DisposableBeanAdapter.java:195) ~[spring-beans-6.2.7.jar:6.2.7]
	at org.springframework.cloud.context.scope.GenericScope$BeanLifecycleWrapper.destroy(GenericScope.java:387) ~[spring-cloud-context-4.3.0.jar:4.3.0]
	at org.springframework.cloud.context.scope.GenericScope.destroy(GenericScope.java:134) ~[spring-cloud-context-4.3.0.jar:4.3.0]
	at org.springframework.beans.factory.support.DisposableBeanAdapter.destroy(DisposableBeanAdapter.java:211) ~[spring-beans-6.2.7.jar:6.2.7]
	at org.springframework.beans.factory.support.DefaultSingletonBeanRegistry.destroyBean(DefaultSingletonBeanRegistry.java:798) ~[spring-beans-6.2.7.jar:6.2.7]
	at org.springframework.beans.factory.support.DefaultSingletonBeanRegistry.destroySingleton(DefaultSingletonBeanRegistry.java:748) ~[spring-beans-6.2.7.jar:6.2.7]
	at org.springframework.beans.factory.support.DefaultListableBeanFactory.destroySingleton(DefaultListableBeanFactory.java:1474) ~[spring-beans-6.2.7.jar:6.2.7]
	at org.springframework.beans.factory.support.DefaultSingletonBeanRegistry.destroySingletons(DefaultSingletonBeanRegistry.java:707) ~[spring-beans-6.2.7.jar:6.2.7]
	at org.springframework.beans.factory.support.DefaultListableBeanFactory.destroySingletons(DefaultListableBeanFactory.java:1467) ~[spring-beans-6.2.7.jar:6.2.7]
	at org.springframework.context.support.AbstractApplicationContext.destroyBeans(AbstractApplicationContext.java:1219) ~[spring-context-6.2.7.jar:6.2.7]
	at org.springframework.context.support.AbstractApplicationContext.doClose(AbstractApplicationContext.java:1180) ~[spring-context-6.2.7.jar:6.2.7]
	at org.springframework.boot.web.servlet.context.ServletWebServerApplicationContext.doClose(ServletWebServerApplicationContext.java:179) ~[spring-boot-3.5.0.jar:3.5.0]
	at org.springframework.context.support.AbstractApplicationContext.close(AbstractApplicationContext.java:1126) ~[spring-context-6.2.7.jar:6.2.7]
	at org.springframework.boot.SpringApplicationShutdownHook.closeAndWait(SpringApplicationShutdownHook.java:147) ~[spring-boot-3.5.0.jar:3.5.0]
	at java.base/java.lang.Iterable.forEach(Iterable.java:75) ~[na:na]
	at org.springframework.boot.SpringApplicationShutdownHook.run(SpringApplicationShutdownHook.java:116) ~[spring-boot-3.5.0.jar:3.5.0]
	at java.base/java.lang.Thread.run(Thread.java:842) ~[na:na]

2025-07-12T12:56:14.384+05:30  INFO [loans,,] 125516 --- [loans] [ionShutdownHook] com.netflix.discovery.DiscoveryClient    : Completed shut down of DiscoveryClient
